Performing C SOURCE FILE Test CMAKE_HAVE_LIBC_PTHREAD failed with the following output:
Change Dir: /home/maxim/git/NSU-Labs/Parallel OSI/7 lab/cmake-build-debug/CMakeFiles/CMakeTmp

Run Build Command(s):/usr/bin/make cmTC_51e42/fast && /usr/bin/make  -f CMakeFiles/cmTC_51e42.dir/build.make CMakeFiles/cmTC_51e42.dir/build
make[1]: Entering directory '/home/maxim/git/NSU-Labs/Parallel OSI/7 lab/cmake-build-debug/CMakeFiles/CMakeTmp'
Building C object CMakeFiles/cmTC_51e42.dir/src.c.o
/usr/bin/cc   -DCMAKE_HAVE_LIBC_PTHREAD   -std=gnu11 -o CMakeFiles/cmTC_51e42.dir/src.c.o   -c "/home/maxim/git/NSU-Labs/Parallel OSI/7 lab/cmake-build-debug/CMakeFiles/CMakeTmp/src.c"
Linking C executable cmTC_51e42
/home/maxim/Programs/clion-2020.1.1/bin/cmake/linux/bin/cmake -E cmake_link_script CMakeFiles/cmTC_51e42.dir/link.txt --verbose=1
/usr/bin/cc  -DCMAKE_HAVE_LIBC_PTHREAD    CMakeFiles/cmTC_51e42.dir/src.c.o  -o cmTC_51e42 
/usr/bin/ld: CMakeFiles/cmTC_51e42.dir/src.c.o: in function `main':
src.c:(.text+0x46): undefined reference to `pthread_create'
/usr/bin/ld: src.c:(.text+0x52): undefined reference to `pthread_detach'
/usr/bin/ld: src.c:(.text+0x5e): undefined reference to `pthread_cancel'
/usr/bin/ld: src.c:(.text+0x6f): undefined reference to `pthread_join'
collect2: error: ld returned 1 exit status
make[1]: *** [CMakeFiles/cmTC_51e42.dir/build.make:107: cmTC_51e42] Error 1
make[1]: Leaving directory '/home/maxim/git/NSU-Labs/Parallel OSI/7 lab/cmake-build-debug/CMakeFiles/CMakeTmp'
make: *** [Makefile:141: cmTC_51e42/fast] Error 2


Source file was:
#include <pthread.h>

void* test_func(void* data)
{
  return data;
}

int main(void)
{
  pthread_t thread;
  pthread_create(&thread, NULL, test_func, NULL);
  pthread_detach(thread);
  pthread_cancel(thread);
  pthread_join(thread, NULL);
  pthread_atfork(NULL, NULL, NULL);
  pthread_exit(NULL);

  return 0;
}

Determining if the function pthread_create exists in the pthreads failed with the following output:
Change Dir: /home/maxim/git/NSU-Labs/Parallel OSI/7 lab/cmake-build-debug/CMakeFiles/CMakeTmp

Run Build Command(s):/usr/bin/make cmTC_085e0/fast && /usr/bin/make  -f CMakeFiles/cmTC_085e0.dir/build.make CMakeFiles/cmTC_085e0.dir/build
make[1]: Entering directory '/home/maxim/git/NSU-Labs/Parallel OSI/7 lab/cmake-build-debug/CMakeFiles/CMakeTmp'
Building C object CMakeFiles/cmTC_085e0.dir/CheckFunctionExists.c.o
/usr/bin/cc   -DCHECK_FUNCTION_EXISTS=pthread_create   -std=gnu11 -o CMakeFiles/cmTC_085e0.dir/CheckFunctionExists.c.o   -c /home/maxim/Programs/clion-2020.1.1/bin/cmake/linux/share/cmake-3.17/Modules/CheckFunctionExists.c
Linking C executable cmTC_085e0
/home/maxim/Programs/clion-2020.1.1/bin/cmake/linux/bin/cmake -E cmake_link_script CMakeFiles/cmTC_085e0.dir/link.txt --verbose=1
/usr/bin/cc  -DCHECK_FUNCTION_EXISTS=pthread_create    CMakeFiles/cmTC_085e0.dir/CheckFunctionExists.c.o  -o cmTC_085e0  -lpthreads 
/usr/bin/ld: cannot find -lpthreads
collect2: error: ld returned 1 exit status
make[1]: *** [CMakeFiles/cmTC_085e0.dir/build.make:107: cmTC_085e0] Error 1
make[1]: Leaving directory '/home/maxim/git/NSU-Labs/Parallel OSI/7 lab/cmake-build-debug/CMakeFiles/CMakeTmp'
make: *** [Makefile:141: cmTC_085e0/fast] Error 2



